[1.396s] DEBUG:colcon:Command line arguments: ['/usr/bin/colcon', 'build']
[1.396s] DEBUG:colcon:Parsed command line arguments: Namespace(log_base=None, log_level=None, verb_name='build', build_base='build', install_base='install', merge_install=False, symlink_install=False, test_result_base=None, continue_on_error=False, executor='parallel', parallel_workers=16, event_handlers=None, ignore_user_meta=False, metas=['./colcon.meta'], base_paths=['.'], packages_ignore=None, packages_ignore_regex=None, paths=None, packages_up_to=None, packages_up_to_regex=None, packages_above=None, packages_above_and_dependencies=None, packages_above_depth=None, packages_select_by_dep=None, packages_skip_by_dep=None, packages_skip_up_to=None, packages_select_build_failed=False, packages_skip_build_finished=False, packages_select_test_failures=False, packages_skip_test_passed=False, packages_select=None, packages_skip=None, packages_select_regex=None, packages_skip_regex=None, packages_start=None, packages_end=None, allow_overriding=[], cmake_args=None, cmake_target=None, cmake_target_skip_unavailable=False, cmake_clean_cache=False, cmake_clean_first=False, cmake_force_configure=False, ament_cmake_args=None, catkin_cmake_args=None, catkin_skip_building_tests=False, mixin_files=None, mixin=None, verb_parser=<colcon_mixin.mixin.mixin_argument.MixinArgumentDecorator object at 0x7ff61b75bd00>, verb_extension=<colcon_core.verb.build.BuildVerb object at 0x7ff61b75b790>, main=<bound method BuildVerb.main of <colcon_core.verb.build.BuildVerb object at 0x7ff61b75b790>>, mixin_verb=('build',))
[1.450s] Level 1:colcon.colcon_core.package_discovery:discover_packages(colcon_meta) check parameters
[1.450s] Level 1:colcon.colcon_core.package_discovery:discover_packages(recursive) check parameters
[1.450s] Level 1:colcon.colcon_core.package_discovery:discover_packages(ignore) check parameters
[1.450s] Level 1:colcon.colcon_core.package_discovery:discover_packages(path) check parameters
[1.450s] Level 1:colcon.colcon_core.package_discovery:discover_packages(colcon_meta) discover
[1.450s] Level 1:colcon.colcon_core.package_discovery:discover_packages(recursive) discover
[1.450s] INFO:colcon.colcon_core.package_discovery:Crawling recursively for packages in '/home/mlabszw/ros2_msg_trans'
[1.450s] Level 1:colcon.colcon_core.package_identification:_identify(.) by extensions ['ignore', 'ignore_ament_install']
[1.450s] Level 1:colcon.colcon_core.package_identification:_identify(.) by extension 'ignore'
[1.450s] Level 1:colcon.colcon_core.package_identification:_identify(.) by extension 'ignore_ament_install'
[1.450s] Level 1:colcon.colcon_core.package_identification:_identify(.) by extensions ['colcon_pkg']
[1.450s] Level 1:colcon.colcon_core.package_identification:_identify(.) by extension 'colcon_pkg'
[1.450s] Level 1:colcon.colcon_core.package_identification:_identify(.) by extensions ['colcon_meta']
[1.450s] Level 1:colcon.colcon_core.package_identification:_identify(.) by extension 'colcon_meta'
[1.450s] Level 1:colcon.colcon_core.package_identification:_identify(.) by extensions ['ros']
[1.450s] Level 1:colcon.colcon_core.package_identification:_identify(.) by extension 'ros'
[1.465s] Level 1:colcon.colcon_core.package_identification:_identify(.) by extensions ['cmake', 'python']
[1.465s] Level 1:colcon.colcon_core.package_identification:_identify(.) by extension 'cmake'
[1.465s] Level 1:colcon.colcon_core.package_identification:_identify(.) by extension 'python'
[1.465s] Level 1:colcon.colcon_core.package_identification:_identify(.) by extensions ['python_setup_py']
[1.465s] Level 1:colcon.colcon_core.package_identification:_identify(.) by extension 'python_setup_py'
[1.465s] Level 1:colcon.colcon_core.package_identification:_identify(build) by extensions ['ignore', 'ignore_ament_install']
[1.465s] Level 1:colcon.colcon_core.package_identification:_identify(build) by extension 'ignore'
[1.465s] Level 1:colcon.colcon_core.package_identification:_identify(build) ignored
[1.465s] Level 1:colcon.colcon_core.package_identification:_identify(install) by extensions ['ignore', 'ignore_ament_install']
[1.465s] Level 1:colcon.colcon_core.package_identification:_identify(install) by extension 'ignore'
[1.465s] Level 1:colcon.colcon_core.package_identification:_identify(install) ignored
[1.466s] Level 1:colcon.colcon_core.package_identification:_identify(log) by extensions ['ignore', 'ignore_ament_install']
[1.466s] Level 1:colcon.colcon_core.package_identification:_identify(log) by extension 'ignore'
[1.466s] Level 1:colcon.colcon_core.package_identification:_identify(log) ignored
[1.466s] Level 1:colcon.colcon_core.package_identification:_identify(src) by extensions ['ignore', 'ignore_ament_install']
[1.466s] Level 1:colcon.colcon_core.package_identification:_identify(src) by extension 'ignore'
[1.466s] Level 1:colcon.colcon_core.package_identification:_identify(src) by extension 'ignore_ament_install'
[1.466s] Level 1:colcon.colcon_core.package_identification:_identify(src) by extensions ['colcon_pkg']
[1.466s] Level 1:colcon.colcon_core.package_identification:_identify(src) by extension 'colcon_pkg'
[1.466s] Level 1:colcon.colcon_core.package_identification:_identify(src) by extensions ['colcon_meta']
[1.466s] Level 1:colcon.colcon_core.package_identification:_identify(src) by extension 'colcon_meta'
[1.466s] Level 1:colcon.colcon_core.package_identification:_identify(src) by extensions ['ros']
[1.466s] Level 1:colcon.colcon_core.package_identification:_identify(src) by extension 'ros'
[1.466s] Level 1:colcon.colcon_core.package_identification:_identify(src) by extensions ['cmake', 'python']
[1.466s] Level 1:colcon.colcon_core.package_identification:_identify(src) by extension 'cmake'
[1.466s] Level 1:colcon.colcon_core.package_identification:_identify(src) by extension 'python'
[1.466s] Level 1:colcon.colcon_core.package_identification:_identify(src) by extensions ['python_setup_py']
[1.466s] Level 1:colcon.colcon_core.package_identification:_identify(src) by extension 'python_setup_py'
[1.466s] Level 1:colcon.colcon_core.package_identification:_identify(src/image_remap) by extensions ['ignore', 'ignore_ament_install']
[1.466s] Level 1:colcon.colcon_core.package_identification:_identify(src/image_remap) by extension 'ignore'
[1.466s] Level 1:colcon.colcon_core.package_identification:_identify(src/image_remap) by extension 'ignore_ament_install'
[1.466s] Level 1:colcon.colcon_core.package_identification:_identify(src/image_remap) by extensions ['colcon_pkg']
[1.466s] Level 1:colcon.colcon_core.package_identification:_identify(src/image_remap) by extension 'colcon_pkg'
[1.466s] Level 1:colcon.colcon_core.package_identification:_identify(src/image_remap) by extensions ['colcon_meta']
[1.466s] Level 1:colcon.colcon_core.package_identification:_identify(src/image_remap) by extension 'colcon_meta'
[1.467s] Level 1:colcon.colcon_core.package_identification:_identify(src/image_remap) by extensions ['ros']
[1.467s] Level 1:colcon.colcon_core.package_identification:_identify(src/image_remap) by extension 'ros'
[1.468s] DEBUG:colcon.colcon_core.package_identification:Package 'src/image_remap' with type 'ros.ament_cmake' and name 'image_remap'
[1.468s] Level 1:colcon.colcon_core.package_discovery:discover_packages(recursive) using defaults
[1.468s] Level 1:colcon.colcon_core.package_discovery:discover_packages(ignore) discover
[1.469s] Level 1:colcon.colcon_core.package_discovery:discover_packages(ignore) using defaults
[1.469s] Level 1:colcon.colcon_core.package_discovery:discover_packages(path) discover
[1.469s] Level 1:colcon.colcon_core.package_discovery:discover_packages(path) using defaults
[1.570s] Level 1:colcon.colcon_core.package_discovery:discover_packages(prefix_path) check parameters
[1.570s] Level 1:colcon.colcon_core.package_discovery:discover_packages(prefix_path) discover
[1.605s] DEBUG:colcon.colcon_installed_package_information.package_discovery:Found 356 installed packages in /opt/ros/humble
[1.606s] Level 1:colcon.colcon_core.package_discovery:discover_packages(prefix_path) using defaults
[1.682s] Level 5:colcon.colcon_core.verb:set package 'image_remap' build argument 'cmake_args' from command line to 'None'
[1.682s] Level 5:colcon.colcon_core.verb:set package 'image_remap' build argument 'cmake_target' from command line to 'None'
[1.682s] Level 5:colcon.colcon_core.verb:set package 'image_remap' build argument 'cmake_target_skip_unavailable' from command line to 'False'
[1.682s] Level 5:colcon.colcon_core.verb:set package 'image_remap' build argument 'cmake_clean_cache' from command line to 'False'
[1.682s] Level 5:colcon.colcon_core.verb:set package 'image_remap' build argument 'cmake_clean_first' from command line to 'False'
[1.682s] Level 5:colcon.colcon_core.verb:set package 'image_remap' build argument 'cmake_force_configure' from command line to 'False'
[1.682s] Level 5:colcon.colcon_core.verb:set package 'image_remap' build argument 'ament_cmake_args' from command line to 'None'
[1.682s] Level 5:colcon.colcon_core.verb:set package 'image_remap' build argument 'catkin_cmake_args' from command line to 'None'
[1.682s] Level 5:colcon.colcon_core.verb:set package 'image_remap' build argument 'catkin_skip_building_tests' from command line to 'False'
[1.682s] DEBUG:colcon.colcon_core.verb:Building package 'image_remap' with the following arguments: {'ament_cmake_args': None, 'build_base': '/home/mlabszw/ros2_msg_trans/build/image_remap', 'catkin_cmake_args': None, 'catkin_skip_building_tests': False, 'cmake_args': None, 'cmake_clean_cache': False, 'cmake_clean_first': False, 'cmake_force_configure': False, 'cmake_target': None, 'cmake_target_skip_unavailable': False, 'install_base': '/home/mlabszw/ros2_msg_trans/install/image_remap', 'merge_install': False, 'path': '/home/mlabszw/ros2_msg_trans/src/image_remap', 'symlink_install': False, 'test_result_base': None}
[1.699s] INFO:colcon.colcon_core.executor:Executing jobs using 'parallel' executor
[1.717s] DEBUG:colcon.colcon_parallel_executor.executor.parallel:run_until_complete
[1.717s] INFO:colcon.colcon_ros.task.ament_cmake.build:Building ROS package in '/home/mlabszw/ros2_msg_trans/src/image_remap' with build type 'ament_cmake'
[1.717s] INFO:colcon.colcon_cmake.task.cmake.build:Building CMake package in '/home/mlabszw/ros2_msg_trans/src/image_remap'
[1.735s] INFO:colcon.colcon_core.plugin_system:Skipping extension 'colcon_core.shell.bat': Not used on non-Windows systems
[1.736s] INFO:colcon.colcon_core.shell:Skip shell extension 'powershell' for command environment: Not usable outside of PowerShell
[1.736s] DEBUG:colcon.colcon_core.shell:Skip shell extension 'dsv' for command environment
[1.775s] DEBUG:colcon.colcon_core.event_handler.log_command:Invoking command in '/home/mlabszw/ros2_msg_trans/build/image_remap': CMAKE_PREFIX_PATH=/opt/ros/humble /usr/bin/cmake --build /home/mlabszw/ros2_msg_trans/build/image_remap -- -j16 -l16
[10.805s] DEBUG:colcon.colcon_core.event_handler.log_command:Invoked command in '/home/mlabszw/ros2_msg_trans/build/image_remap' returned '0': CMAKE_PREFIX_PATH=/opt/ros/humble /usr/bin/cmake --build /home/mlabszw/ros2_msg_trans/build/image_remap -- -j16 -l16
[10.826s] DEBUG:colcon.colcon_core.event_handler.log_command:Invoking command in '/home/mlabszw/ros2_msg_trans/build/image_remap': CMAKE_PREFIX_PATH=/opt/ros/humble /usr/bin/cmake --install /home/mlabszw/ros2_msg_trans/build/image_remap
[10.841s] Level 1:colcon.colcon_core.environment:create_environment_scripts_only(image_remap)
[10.841s] DEBUG:colcon.colcon_core.event_handler.log_command:Invoked command in '/home/mlabszw/ros2_msg_trans/build/image_remap' returned '0': CMAKE_PREFIX_PATH=/opt/ros/humble /usr/bin/cmake --install /home/mlabszw/ros2_msg_trans/build/image_remap
[10.859s] Level 1:colcon.colcon_core.environment:checking '/home/mlabszw/ros2_msg_trans/install/image_remap' for CMake module files
[10.860s] Level 1:colcon.colcon_core.environment:checking '/home/mlabszw/ros2_msg_trans/install/image_remap' for CMake config files
[10.860s] Level 1:colcon.colcon_core.shell:create_environment_hook('image_remap', 'cmake_prefix_path')
[10.877s] INFO:colcon.colcon_core.shell:Creating environment hook '/home/mlabszw/ros2_msg_trans/install/image_remap/share/image_remap/hook/cmake_prefix_path.ps1'
[10.877s] INFO:colcon.colcon_core.shell:Creating environment descriptor '/home/mlabszw/ros2_msg_trans/install/image_remap/share/image_remap/hook/cmake_prefix_path.dsv'
[10.878s] INFO:colcon.colcon_core.shell:Creating environment hook '/home/mlabszw/ros2_msg_trans/install/image_remap/share/image_remap/hook/cmake_prefix_path.sh'
[10.878s] Level 1:colcon.colcon_core.environment:checking '/home/mlabszw/ros2_msg_trans/install/image_remap/lib'
[10.878s] Level 1:colcon.colcon_core.environment:checking '/home/mlabszw/ros2_msg_trans/install/image_remap/bin'
[10.878s] Level 1:colcon.colcon_core.environment:checking '/home/mlabszw/ros2_msg_trans/install/image_remap/lib/pkgconfig/image_remap.pc'
[10.879s] Level 1:colcon.colcon_core.environment:checking '/home/mlabszw/ros2_msg_trans/install/image_remap/lib/python3.10/site-packages'
[10.879s] Level 1:colcon.colcon_core.environment:checking '/home/mlabszw/ros2_msg_trans/install/image_remap/bin'
[10.896s] INFO:colcon.colcon_core.shell:Creating package script '/home/mlabszw/ros2_msg_trans/install/image_remap/share/image_remap/package.ps1'
[10.896s] INFO:colcon.colcon_core.shell:Creating package descriptor '/home/mlabszw/ros2_msg_trans/install/image_remap/share/image_remap/package.dsv'
[10.897s] INFO:colcon.colcon_core.shell:Creating package script '/home/mlabszw/ros2_msg_trans/install/image_remap/share/image_remap/package.sh'
[10.897s] INFO:colcon.colcon_core.shell:Creating package script '/home/mlabszw/ros2_msg_trans/install/image_remap/share/image_remap/package.bash'
[10.898s] INFO:colcon.colcon_core.shell:Creating package script '/home/mlabszw/ros2_msg_trans/install/image_remap/share/image_remap/package.zsh'
[10.898s] Level 1:colcon.colcon_core.environment:create_file_with_runtime_dependencies(/home/mlabszw/ros2_msg_trans/install/image_remap/share/colcon-core/packages/image_remap)
[10.932s] Level 1:colcon.colcon_core.environment:create_environment_scripts_only(image_remap)
[10.949s] Level 1:colcon.colcon_core.environment:checking '/home/mlabszw/ros2_msg_trans/install/image_remap' for CMake module files
[10.949s] Level 1:colcon.colcon_core.environment:checking '/home/mlabszw/ros2_msg_trans/install/image_remap' for CMake config files
[10.949s] Level 1:colcon.colcon_core.shell:create_environment_hook('image_remap', 'cmake_prefix_path')
[10.966s] INFO:colcon.colcon_core.shell:Creating environment hook '/home/mlabszw/ros2_msg_trans/install/image_remap/share/image_remap/hook/cmake_prefix_path.ps1'
[10.966s] INFO:colcon.colcon_core.shell:Creating environment descriptor '/home/mlabszw/ros2_msg_trans/install/image_remap/share/image_remap/hook/cmake_prefix_path.dsv'
[10.967s] INFO:colcon.colcon_core.shell:Creating environment hook '/home/mlabszw/ros2_msg_trans/install/image_remap/share/image_remap/hook/cmake_prefix_path.sh'
[10.967s] Level 1:colcon.colcon_core.environment:checking '/home/mlabszw/ros2_msg_trans/install/image_remap/lib'
[10.967s] Level 1:colcon.colcon_core.environment:checking '/home/mlabszw/ros2_msg_trans/install/image_remap/bin'
[10.967s] Level 1:colcon.colcon_core.environment:checking '/home/mlabszw/ros2_msg_trans/install/image_remap/lib/pkgconfig/image_remap.pc'
[10.967s] Level 1:colcon.colcon_core.environment:checking '/home/mlabszw/ros2_msg_trans/install/image_remap/lib/python3.10/site-packages'
[10.967s] Level 1:colcon.colcon_core.environment:checking '/home/mlabszw/ros2_msg_trans/install/image_remap/bin'
[10.984s] INFO:colcon.colcon_core.shell:Creating package script '/home/mlabszw/ros2_msg_trans/install/image_remap/share/image_remap/package.ps1'
[10.985s] INFO:colcon.colcon_core.shell:Creating package descriptor '/home/mlabszw/ros2_msg_trans/install/image_remap/share/image_remap/package.dsv'
[10.985s] INFO:colcon.colcon_core.shell:Creating package script '/home/mlabszw/ros2_msg_trans/install/image_remap/share/image_remap/package.sh'
[10.985s] INFO:colcon.colcon_core.shell:Creating package script '/home/mlabszw/ros2_msg_trans/install/image_remap/share/image_remap/package.bash'
[10.986s] INFO:colcon.colcon_core.shell:Creating package script '/home/mlabszw/ros2_msg_trans/install/image_remap/share/image_remap/package.zsh'
[10.986s] Level 1:colcon.colcon_core.environment:create_file_with_runtime_dependencies(/home/mlabszw/ros2_msg_trans/install/image_remap/share/colcon-core/packages/image_remap)
[10.986s] DEBUG:colcon.colcon_parallel_executor.executor.parallel:closing loop
[10.986s] DEBUG:colcon.colcon_parallel_executor.executor.parallel:loop closed
[10.986s] DEBUG:colcon.colcon_parallel_executor.executor.parallel:run_until_complete finished with '0'
[10.986s] DEBUG:colcon.colcon_core.event_reactor:joining thread
[11.007s] INFO:colcon.colcon_core.plugin_system:Skipping extension 'colcon_notification.desktop_notification.terminal_notifier': Not used on non-Darwin systems
[11.007s] INFO:colcon.colcon_core.plugin_system:Skipping extension 'colcon_notification.desktop_notification.win32': Not used on non-Windows systems
[11.007s] INFO:colcon.colcon_notification.desktop_notification:Sending desktop notification using 'notify2'
[11.016s] DEBUG:colcon.colcon_core.event_reactor:joined thread
[11.034s] INFO:colcon.colcon_core.shell:Creating prefix script '/home/mlabszw/ros2_msg_trans/install/local_setup.ps1'
[11.034s] INFO:colcon.colcon_core.shell:Creating prefix util module '/home/mlabszw/ros2_msg_trans/install/_local_setup_util_ps1.py'
[11.035s] INFO:colcon.colcon_core.shell:Creating prefix chain script '/home/mlabszw/ros2_msg_trans/install/setup.ps1'
[11.053s] INFO:colcon.colcon_core.shell:Creating prefix script '/home/mlabszw/ros2_msg_trans/install/local_setup.sh'
[11.053s] INFO:colcon.colcon_core.shell:Creating prefix util module '/home/mlabszw/ros2_msg_trans/install/_local_setup_util_sh.py'
[11.054s] INFO:colcon.colcon_core.shell:Creating prefix chain script '/home/mlabszw/ros2_msg_trans/install/setup.sh'
[11.071s] INFO:colcon.colcon_core.shell:Creating prefix script '/home/mlabszw/ros2_msg_trans/install/local_setup.bash'
[11.071s] INFO:colcon.colcon_core.shell:Creating prefix chain script '/home/mlabszw/ros2_msg_trans/install/setup.bash'
[11.089s] INFO:colcon.colcon_core.shell:Creating prefix script '/home/mlabszw/ros2_msg_trans/install/local_setup.zsh'
[11.089s] INFO:colcon.colcon_core.shell:Creating prefix chain script '/home/mlabszw/ros2_msg_trans/install/setup.zsh'
