[6.762s] DEBUG:colcon:Command line arguments: ['/usr/bin/colcon', 'build']
[6.762s] DEBUG:colcon:Parsed command line arguments: Namespace(log_base=None, log_level=None, verb_name='build', build_base='build', install_base='install', merge_install=False, symlink_install=False, test_result_base=None, continue_on_error=False, executor='parallel', parallel_workers=16, event_handlers=None, ignore_user_meta=False, metas=['./colcon.meta'], base_paths=['.'], packages_ignore=None, packages_ignore_regex=None, paths=None, packages_up_to=None, packages_up_to_regex=None, packages_above=None, packages_above_and_dependencies=None, packages_above_depth=None, packages_select_by_dep=None, packages_skip_by_dep=None, packages_skip_up_to=None, packages_select_build_failed=False, packages_skip_build_finished=False, packages_select_test_failures=False, packages_skip_test_passed=False, packages_select=None, packages_skip=None, packages_select_regex=None, packages_skip_regex=None, packages_start=None, packages_end=None, allow_overriding=[], cmake_args=None, cmake_target=None, cmake_target_skip_unavailable=False, cmake_clean_cache=False, cmake_clean_first=False, cmake_force_configure=False, ament_cmake_args=None, catkin_cmake_args=None, catkin_skip_building_tests=False, mixin_files=None, mixin=None, verb_parser=<colcon_mixin.mixin.mixin_argument.MixinArgumentDecorator object at 0x7f6a30263dc0>, verb_extension=<colcon_core.verb.build.BuildVerb object at 0x7f6a30263850>, main=<bound method BuildVerb.main of <colcon_core.verb.build.BuildVerb object at 0x7f6a30263850>>, mixin_verb=('build',))
[7.030s] Level 1:colcon.colcon_core.package_discovery:discover_packages(colcon_meta) check parameters
[7.030s] Level 1:colcon.colcon_core.package_discovery:discover_packages(recursive) check parameters
[7.030s] Level 1:colcon.colcon_core.package_discovery:discover_packages(ignore) check parameters
[7.030s] Level 1:colcon.colcon_core.package_discovery:discover_packages(path) check parameters
[7.030s] Level 1:colcon.colcon_core.package_discovery:discover_packages(colcon_meta) discover
[7.030s] Level 1:colcon.colcon_core.package_discovery:discover_packages(recursive) discover
[7.030s] INFO:colcon.colcon_core.package_discovery:Crawling recursively for packages in '/home/mlabszw/ros2_msg_trans'
[7.030s] Level 1:colcon.colcon_core.package_identification:_identify(.) by extensions ['ignore', 'ignore_ament_install']
[7.030s] Level 1:colcon.colcon_core.package_identification:_identify(.) by extension 'ignore'
[7.030s] Level 1:colcon.colcon_core.package_identification:_identify(.) by extension 'ignore_ament_install'
[7.030s] Level 1:colcon.colcon_core.package_identification:_identify(.) by extensions ['colcon_pkg']
[7.030s] Level 1:colcon.colcon_core.package_identification:_identify(.) by extension 'colcon_pkg'
[7.030s] Level 1:colcon.colcon_core.package_identification:_identify(.) by extensions ['colcon_meta']
[7.030s] Level 1:colcon.colcon_core.package_identification:_identify(.) by extension 'colcon_meta'
[7.031s] Level 1:colcon.colcon_core.package_identification:_identify(.) by extensions ['ros']
[7.031s] Level 1:colcon.colcon_core.package_identification:_identify(.) by extension 'ros'
[7.093s] Level 1:colcon.colcon_core.package_identification:_identify(.) by extensions ['cmake', 'python']
[7.093s] Level 1:colcon.colcon_core.package_identification:_identify(.) by extension 'cmake'
[7.093s] Level 1:colcon.colcon_core.package_identification:_identify(.) by extension 'python'
[7.093s] Level 1:colcon.colcon_core.package_identification:_identify(.) by extensions ['python_setup_py']
[7.093s] Level 1:colcon.colcon_core.package_identification:_identify(.) by extension 'python_setup_py'
[7.093s] Level 1:colcon.colcon_core.package_identification:_identify(build) by extensions ['ignore', 'ignore_ament_install']
[7.093s] Level 1:colcon.colcon_core.package_identification:_identify(build) by extension 'ignore'
[7.093s] Level 1:colcon.colcon_core.package_identification:_identify(build) ignored
[7.093s] Level 1:colcon.colcon_core.package_identification:_identify(install) by extensions ['ignore', 'ignore_ament_install']
[7.094s] Level 1:colcon.colcon_core.package_identification:_identify(install) by extension 'ignore'
[7.094s] Level 1:colcon.colcon_core.package_identification:_identify(install) ignored
[7.094s] Level 1:colcon.colcon_core.package_identification:_identify(log) by extensions ['ignore', 'ignore_ament_install']
[7.094s] Level 1:colcon.colcon_core.package_identification:_identify(log) by extension 'ignore'
[7.094s] Level 1:colcon.colcon_core.package_identification:_identify(log) ignored
[7.094s] Level 1:colcon.colcon_core.package_identification:_identify(src) by extensions ['ignore', 'ignore_ament_install']
[7.094s] Level 1:colcon.colcon_core.package_identification:_identify(src) by extension 'ignore'
[7.094s] Level 1:colcon.colcon_core.package_identification:_identify(src) by extension 'ignore_ament_install'
[7.094s] Level 1:colcon.colcon_core.package_identification:_identify(src) by extensions ['colcon_pkg']
[7.094s] Level 1:colcon.colcon_core.package_identification:_identify(src) by extension 'colcon_pkg'
[7.094s] Level 1:colcon.colcon_core.package_identification:_identify(src) by extensions ['colcon_meta']
[7.094s] Level 1:colcon.colcon_core.package_identification:_identify(src) by extension 'colcon_meta'
[7.095s] Level 1:colcon.colcon_core.package_identification:_identify(src) by extensions ['ros']
[7.095s] Level 1:colcon.colcon_core.package_identification:_identify(src) by extension 'ros'
[7.095s] Level 1:colcon.colcon_core.package_identification:_identify(src) by extensions ['cmake', 'python']
[7.095s] Level 1:colcon.colcon_core.package_identification:_identify(src) by extension 'cmake'
[7.095s] Level 1:colcon.colcon_core.package_identification:_identify(src) by extension 'python'
[7.095s] Level 1:colcon.colcon_core.package_identification:_identify(src) by extensions ['python_setup_py']
[7.095s] Level 1:colcon.colcon_core.package_identification:_identify(src) by extension 'python_setup_py'
[7.095s] Level 1:colcon.colcon_core.package_identification:_identify(src/image_remap) by extensions ['ignore', 'ignore_ament_install']
[7.095s] Level 1:colcon.colcon_core.package_identification:_identify(src/image_remap) by extension 'ignore'
[7.095s] Level 1:colcon.colcon_core.package_identification:_identify(src/image_remap) by extension 'ignore_ament_install'
[7.095s] Level 1:colcon.colcon_core.package_identification:_identify(src/image_remap) by extensions ['colcon_pkg']
[7.095s] Level 1:colcon.colcon_core.package_identification:_identify(src/image_remap) by extension 'colcon_pkg'
[7.095s] Level 1:colcon.colcon_core.package_identification:_identify(src/image_remap) by extensions ['colcon_meta']
[7.095s] Level 1:colcon.colcon_core.package_identification:_identify(src/image_remap) by extension 'colcon_meta'
[7.096s] Level 1:colcon.colcon_core.package_identification:_identify(src/image_remap) by extensions ['ros']
[7.096s] Level 1:colcon.colcon_core.package_identification:_identify(src/image_remap) by extension 'ros'
[7.129s] DEBUG:colcon.colcon_core.package_identification:Package 'src/image_remap' with type 'ros.ament_cmake' and name 'image_remap'
[7.130s] Level 1:colcon.colcon_core.package_discovery:discover_packages(recursive) using defaults
[7.130s] Level 1:colcon.colcon_core.package_discovery:discover_packages(ignore) discover
[7.130s] Level 1:colcon.colcon_core.package_discovery:discover_packages(ignore) using defaults
[7.130s] Level 1:colcon.colcon_core.package_discovery:discover_packages(path) discover
[7.130s] Level 1:colcon.colcon_core.package_discovery:discover_packages(path) using defaults
[7.403s] Level 1:colcon.colcon_core.package_discovery:discover_packages(prefix_path) check parameters
[7.403s] Level 1:colcon.colcon_core.package_discovery:discover_packages(prefix_path) discover
[7.442s] DEBUG:colcon.colcon_installed_package_information.package_discovery:Found 356 installed packages in /opt/ros/humble
[7.443s] Level 1:colcon.colcon_core.package_discovery:discover_packages(prefix_path) using defaults
[7.546s] Level 5:colcon.colcon_core.verb:set package 'image_remap' build argument 'cmake_args' from command line to 'None'
[7.546s] Level 5:colcon.colcon_core.verb:set package 'image_remap' build argument 'cmake_target' from command line to 'None'
[7.546s] Level 5:colcon.colcon_core.verb:set package 'image_remap' build argument 'cmake_target_skip_unavailable' from command line to 'False'
[7.546s] Level 5:colcon.colcon_core.verb:set package 'image_remap' build argument 'cmake_clean_cache' from command line to 'False'
[7.546s] Level 5:colcon.colcon_core.verb:set package 'image_remap' build argument 'cmake_clean_first' from command line to 'False'
[7.546s] Level 5:colcon.colcon_core.verb:set package 'image_remap' build argument 'cmake_force_configure' from command line to 'False'
[7.546s] Level 5:colcon.colcon_core.verb:set package 'image_remap' build argument 'ament_cmake_args' from command line to 'None'
[7.546s] Level 5:colcon.colcon_core.verb:set package 'image_remap' build argument 'catkin_cmake_args' from command line to 'None'
[7.546s] Level 5:colcon.colcon_core.verb:set package 'image_remap' build argument 'catkin_skip_building_tests' from command line to 'False'
[7.546s] DEBUG:colcon.colcon_core.verb:Building package 'image_remap' with the following arguments: {'ament_cmake_args': None, 'build_base': '/home/mlabszw/ros2_msg_trans/build/image_remap', 'catkin_cmake_args': None, 'catkin_skip_building_tests': False, 'cmake_args': None, 'cmake_clean_cache': False, 'cmake_clean_first': False, 'cmake_force_configure': False, 'cmake_target': None, 'cmake_target_skip_unavailable': False, 'install_base': '/home/mlabszw/ros2_msg_trans/install/image_remap', 'merge_install': False, 'path': '/home/mlabszw/ros2_msg_trans/src/image_remap', 'symlink_install': False, 'test_result_base': None}
[7.563s] INFO:colcon.colcon_core.executor:Executing jobs using 'parallel' executor
[7.581s] DEBUG:colcon.colcon_parallel_executor.executor.parallel:run_until_complete
[7.582s] INFO:colcon.colcon_ros.task.ament_cmake.build:Building ROS package in '/home/mlabszw/ros2_msg_trans/src/image_remap' with build type 'ament_cmake'
[7.582s] INFO:colcon.colcon_cmake.task.cmake.build:Building CMake package in '/home/mlabszw/ros2_msg_trans/src/image_remap'
[7.617s] INFO:colcon.colcon_core.plugin_system:Skipping extension 'colcon_core.shell.bat': Not used on non-Windows systems
[7.617s] INFO:colcon.colcon_core.shell:Skip shell extension 'powershell' for command environment: Not usable outside of PowerShell
[7.617s] DEBUG:colcon.colcon_core.shell:Skip shell extension 'dsv' for command environment
[7.715s] DEBUG:colcon.colcon_core.event_handler.log_command:Invoking command in '/home/mlabszw/ros2_msg_trans/build/image_remap': CMAKE_PREFIX_PATH=/opt/ros/humble /usr/bin/cmake --build /home/mlabszw/ros2_msg_trans/build/image_remap -- -j16 -l16
[18.828s] DEBUG:colcon.colcon_core.event_handler.log_command:Invoked command in '/home/mlabszw/ros2_msg_trans/build/image_remap' returned '0': CMAKE_PREFIX_PATH=/opt/ros/humble /usr/bin/cmake --build /home/mlabszw/ros2_msg_trans/build/image_remap -- -j16 -l16
[18.849s] DEBUG:colcon.colcon_core.event_handler.log_command:Invoking command in '/home/mlabszw/ros2_msg_trans/build/image_remap': CMAKE_PREFIX_PATH=/opt/ros/humble /usr/bin/cmake --install /home/mlabszw/ros2_msg_trans/build/image_remap
[18.955s] Level 1:colcon.colcon_core.environment:create_environment_scripts_only(image_remap)
[18.955s] DEBUG:colcon.colcon_core.event_handler.log_command:Invoked command in '/home/mlabszw/ros2_msg_trans/build/image_remap' returned '0': CMAKE_PREFIX_PATH=/opt/ros/humble /usr/bin/cmake --install /home/mlabszw/ros2_msg_trans/build/image_remap
[19.017s] Level 1:colcon.colcon_core.environment:checking '/home/mlabszw/ros2_msg_trans/install/image_remap' for CMake module files
[19.018s] Level 1:colcon.colcon_core.environment:checking '/home/mlabszw/ros2_msg_trans/install/image_remap' for CMake config files
[19.018s] Level 1:colcon.colcon_core.shell:create_environment_hook('image_remap', 'cmake_prefix_path')
[19.046s] INFO:colcon.colcon_core.shell:Creating environment hook '/home/mlabszw/ros2_msg_trans/install/image_remap/share/image_remap/hook/cmake_prefix_path.ps1'
[19.060s] INFO:colcon.colcon_core.shell:Creating environment descriptor '/home/mlabszw/ros2_msg_trans/install/image_remap/share/image_remap/hook/cmake_prefix_path.dsv'
[19.062s] INFO:colcon.colcon_core.shell:Creating environment hook '/home/mlabszw/ros2_msg_trans/install/image_remap/share/image_remap/hook/cmake_prefix_path.sh'
[19.065s] Level 1:colcon.colcon_core.environment:checking '/home/mlabszw/ros2_msg_trans/install/image_remap/lib'
[19.065s] Level 1:colcon.colcon_core.environment:checking '/home/mlabszw/ros2_msg_trans/install/image_remap/bin'
[19.065s] Level 1:colcon.colcon_core.environment:checking '/home/mlabszw/ros2_msg_trans/install/image_remap/lib/pkgconfig/image_remap.pc'
[19.066s] Level 1:colcon.colcon_core.environment:checking '/home/mlabszw/ros2_msg_trans/install/image_remap/lib/python3.10/site-packages'
[19.067s] Level 1:colcon.colcon_core.environment:checking '/home/mlabszw/ros2_msg_trans/install/image_remap/bin'
[19.115s] INFO:colcon.colcon_core.shell:Creating package script '/home/mlabszw/ros2_msg_trans/install/image_remap/share/image_remap/package.ps1'
[19.116s] INFO:colcon.colcon_core.shell:Creating package descriptor '/home/mlabszw/ros2_msg_trans/install/image_remap/share/image_remap/package.dsv'
[19.117s] INFO:colcon.colcon_core.shell:Creating package script '/home/mlabszw/ros2_msg_trans/install/image_remap/share/image_remap/package.sh'
[19.118s] INFO:colcon.colcon_core.shell:Creating package script '/home/mlabszw/ros2_msg_trans/install/image_remap/share/image_remap/package.bash'
[19.134s] INFO:colcon.colcon_core.shell:Creating package script '/home/mlabszw/ros2_msg_trans/install/image_remap/share/image_remap/package.zsh'
[19.137s] Level 1:colcon.colcon_core.environment:create_file_with_runtime_dependencies(/home/mlabszw/ros2_msg_trans/install/image_remap/share/colcon-core/packages/image_remap)
[19.247s] Level 1:colcon.colcon_core.environment:create_environment_scripts_only(image_remap)
[19.267s] Level 1:colcon.colcon_core.environment:checking '/home/mlabszw/ros2_msg_trans/install/image_remap' for CMake module files
[19.268s] Level 1:colcon.colcon_core.environment:checking '/home/mlabszw/ros2_msg_trans/install/image_remap' for CMake config files
[19.268s] Level 1:colcon.colcon_core.shell:create_environment_hook('image_remap', 'cmake_prefix_path')
[19.285s] INFO:colcon.colcon_core.shell:Creating environment hook '/home/mlabszw/ros2_msg_trans/install/image_remap/share/image_remap/hook/cmake_prefix_path.ps1'
[19.285s] INFO:colcon.colcon_core.shell:Creating environment descriptor '/home/mlabszw/ros2_msg_trans/install/image_remap/share/image_remap/hook/cmake_prefix_path.dsv'
[19.286s] INFO:colcon.colcon_core.shell:Creating environment hook '/home/mlabszw/ros2_msg_trans/install/image_remap/share/image_remap/hook/cmake_prefix_path.sh'
[19.286s] Level 1:colcon.colcon_core.environment:checking '/home/mlabszw/ros2_msg_trans/install/image_remap/lib'
[19.286s] Level 1:colcon.colcon_core.environment:checking '/home/mlabszw/ros2_msg_trans/install/image_remap/bin'
[19.286s] Level 1:colcon.colcon_core.environment:checking '/home/mlabszw/ros2_msg_trans/install/image_remap/lib/pkgconfig/image_remap.pc'
[19.286s] Level 1:colcon.colcon_core.environment:checking '/home/mlabszw/ros2_msg_trans/install/image_remap/lib/python3.10/site-packages'
[19.286s] Level 1:colcon.colcon_core.environment:checking '/home/mlabszw/ros2_msg_trans/install/image_remap/bin'
[19.303s] INFO:colcon.colcon_core.shell:Creating package script '/home/mlabszw/ros2_msg_trans/install/image_remap/share/image_remap/package.ps1'
[19.304s] INFO:colcon.colcon_core.shell:Creating package descriptor '/home/mlabszw/ros2_msg_trans/install/image_remap/share/image_remap/package.dsv'
[19.304s] INFO:colcon.colcon_core.shell:Creating package script '/home/mlabszw/ros2_msg_trans/install/image_remap/share/image_remap/package.sh'
[19.304s] INFO:colcon.colcon_core.shell:Creating package script '/home/mlabszw/ros2_msg_trans/install/image_remap/share/image_remap/package.bash'
[19.305s] INFO:colcon.colcon_core.shell:Creating package script '/home/mlabszw/ros2_msg_trans/install/image_remap/share/image_remap/package.zsh'
[19.305s] Level 1:colcon.colcon_core.environment:create_file_with_runtime_dependencies(/home/mlabszw/ros2_msg_trans/install/image_remap/share/colcon-core/packages/image_remap)
[19.305s] DEBUG:colcon.colcon_parallel_executor.executor.parallel:closing loop
[19.305s] DEBUG:colcon.colcon_parallel_executor.executor.parallel:loop closed
[19.305s] DEBUG:colcon.colcon_parallel_executor.executor.parallel:run_until_complete finished with '0'
[19.306s] DEBUG:colcon.colcon_core.event_reactor:joining thread
[19.327s] INFO:colcon.colcon_core.plugin_system:Skipping extension 'colcon_notification.desktop_notification.terminal_notifier': Not used on non-Darwin systems
[19.328s] INFO:colcon.colcon_core.plugin_system:Skipping extension 'colcon_notification.desktop_notification.win32': Not used on non-Windows systems
[19.328s] INFO:colcon.colcon_notification.desktop_notification:Sending desktop notification using 'notify2'
[19.347s] DEBUG:colcon.colcon_core.event_reactor:joined thread
[19.364s] INFO:colcon.colcon_core.shell:Creating prefix script '/home/mlabszw/ros2_msg_trans/install/local_setup.ps1'
[19.365s] INFO:colcon.colcon_core.shell:Creating prefix util module '/home/mlabszw/ros2_msg_trans/install/_local_setup_util_ps1.py'
[19.366s] INFO:colcon.colcon_core.shell:Creating prefix chain script '/home/mlabszw/ros2_msg_trans/install/setup.ps1'
[19.384s] INFO:colcon.colcon_core.shell:Creating prefix script '/home/mlabszw/ros2_msg_trans/install/local_setup.sh'
[19.385s] INFO:colcon.colcon_core.shell:Creating prefix util module '/home/mlabszw/ros2_msg_trans/install/_local_setup_util_sh.py'
[19.385s] INFO:colcon.colcon_core.shell:Creating prefix chain script '/home/mlabszw/ros2_msg_trans/install/setup.sh'
[19.403s] INFO:colcon.colcon_core.shell:Creating prefix script '/home/mlabszw/ros2_msg_trans/install/local_setup.bash'
[19.403s] INFO:colcon.colcon_core.shell:Creating prefix chain script '/home/mlabszw/ros2_msg_trans/install/setup.bash'
[19.421s] INFO:colcon.colcon_core.shell:Creating prefix script '/home/mlabszw/ros2_msg_trans/install/local_setup.zsh'
[19.422s] INFO:colcon.colcon_core.shell:Creating prefix chain script '/home/mlabszw/ros2_msg_trans/install/setup.zsh'
